This is pdfTeX, Version 3.14159265-2.6-1.40.20 (TeX Live 2019/Debian) (preloaded format=pdflatex 2022.6.17)  8 AUG 2022 16:58
entering extended mode
 restricted \write18 enabled.
 %&-line parsing enabled.
**mixtureReparam.tex
(./mixtureReparam.tex
LaTeX2e <2020-02-02> patch level 2
L3 programming layer <2020-02-14>
(/usr/share/texlive/texmf-dist/tex/latex/base/article.cls
Document Class: article 2019/12/20 v1.4l Standard LaTeX document class
(/usr/share/texlive/texmf-dist/tex/latex/base/size10.clo
File: size10.clo 2019/12/20 v1.4l Standard LaTeX file (size option)
)
\c@part=\count167
\c@section=\count168
\c@subsection=\count169
\c@subsubsection=\count170
\c@paragraph=\count171
\c@subparagraph=\count172
\c@figure=\count173
\c@table=\count174
\abovecaptionskip=\skip47
\belowcaptionskip=\skip48
\bibindent=\dimen134
)
(/usr/share/texlive/texmf-dist/tex/latex/amsfonts/amssymb.sty
Package: amssymb 2013/01/14 v3.01 AMS font symbols

(/usr/share/texlive/texmf-dist/tex/latex/amsfonts/amsfonts.sty
Package: amsfonts 2013/01/14 v3.01 Basic AMSFonts support
\@emptytoks=\toks14
\symAMSa=\mathgroup4
\symAMSb=\mathgroup5
LaTeX Font Info:    Redeclaring math symbol \hbar on input line 98.
LaTeX Font Info:    Overwriting math alphabet `\mathfrak' in version `bold'
(Font)                  U/euf/m/n --> U/euf/b/n on input line 106.
))
(/usr/share/texlive/texmf-dist/tex/latex/amsmath/amsmath.sty
Package: amsmath 2020/01/20 v2.17e AMS math features
\@mathmargin=\skip49

For additional information on amsmath, use the `?' option.
(/usr/share/texlive/texmf-dist/tex/latex/amsmath/amstext.sty
Package: amstext 2000/06/29 v2.01 AMS text

(/usr/share/texlive/texmf-dist/tex/latex/amsmath/amsgen.sty
File: amsgen.sty 1999/11/30 v2.0 generic functions
\@emptytoks=\toks15
\ex@=\dimen135
))
(/usr/share/texlive/texmf-dist/tex/latex/amsmath/amsbsy.sty
Package: amsbsy 1999/11/29 v1.2d Bold Symbols
\pmbraise@=\dimen136
)
(/usr/share/texlive/texmf-dist/tex/latex/amsmath/amsopn.sty
Package: amsopn 2016/03/08 v2.02 operator names
)
\inf@bad=\count175
LaTeX Info: Redefining \frac on input line 227.
\uproot@=\count176
\leftroot@=\count177
LaTeX Info: Redefining \overline on input line 389.
\classnum@=\count178
\DOTSCASE@=\count179
LaTeX Info: Redefining \ldots on input line 486.
LaTeX Info: Redefining \dots on input line 489.
LaTeX Info: Redefining \cdots on input line 610.
\Mathstrutbox@=\box45
\strutbox@=\box46
\big@size=\dimen137
LaTeX Font Info:    Redeclaring font encoding OML on input line 733.
LaTeX Font Info:    Redeclaring font encoding OMS on input line 734.
\macc@depth=\count180
\c@MaxMatrixCols=\count181
\dotsspace@=\muskip16
\c@parentequation=\count182
\dspbrk@lvl=\count183
\tag@help=\toks16
\row@=\count184
\column@=\count185
\maxfields@=\count186
\andhelp@=\toks17
\eqnshift@=\dimen138
\alignsep@=\dimen139
\tagshift@=\dimen140
\tagwidth@=\dimen141
\totwidth@=\dimen142
\lineht@=\dimen143
\@envbody=\toks18
\multlinegap=\skip50
\multlinetaggap=\skip51
\mathdisplay@stack=\toks19
LaTeX Info: Redefining \[ on input line 2859.
LaTeX Info: Redefining \] on input line 2860.
)
(/usr/share/texlive/texmf-dist/tex/latex/graphics/graphicx.sty
Package: graphicx 2019/11/30 v1.2a Enhanced LaTeX Graphics (DPC,SPQR)

(/usr/share/texlive/texmf-dist/tex/latex/graphics/keyval.sty
Package: keyval 2014/10/28 v1.15 key=value parser (DPC)
\KV@toks@=\toks20
)
(/usr/share/texlive/texmf-dist/tex/latex/graphics/graphics.sty
Package: graphics 2019/11/30 v1.4a Standard LaTeX Graphics (DPC,SPQR)

(/usr/share/texlive/texmf-dist/tex/latex/graphics/trig.sty
Package: trig 2016/01/03 v1.10 sin cos tan (DPC)
)
(/usr/share/texlive/texmf-dist/tex/latex/graphics-cfg/graphics.cfg
File: graphics.cfg 2016/06/04 v1.11 sample graphics configuration
)
Package graphics Info: Driver file: pdftex.def on input line 105.

(/usr/share/texlive/texmf-dist/tex/latex/graphics-def/pdftex.def
File: pdftex.def 2018/01/08 v1.0l Graphics/color driver for pdftex
))
\Gin@req@height=\dimen144
\Gin@req@width=\dimen145
)
(/usr/share/texlive/texmf-dist/tex/latex/float/float.sty
Package: float 2001/11/08 v1.3d Float enhancements (AL)
\c@float@type=\count187
\float@exts=\toks21
\float@box=\box47
\@float@everytoks=\toks22
\@floatcapt=\box48
)
(/usr/share/texlive/texmf-dist/tex/latex/subfig/subfig.sty
Package: subfig 2005/06/28 ver: 1.3 subfig package

(/usr/share/texlive/texmf-dist/tex/latex/caption/caption.sty
Package: caption 2020/01/03 v3.4h Customizing captions (AR)

(/usr/share/texlive/texmf-dist/tex/latex/caption/caption3.sty
Package: caption3 2020/01/03 v1.8h caption3 kernel (AR)
Package caption3 Info: TeX engine: e-TeX on input line 61.
\captionmargin=\dimen146
\captionmargin@=\dimen147
\captionwidth=\dimen148
\caption@tempdima=\dimen149
\caption@indent=\dimen150
\caption@parindent=\dimen151
\caption@hangindent=\dimen152
Package caption Info: Standard document class detected.
)
\c@caption@flags=\count188
\c@continuedfloat=\count189
Package caption Info: float package is loaded.
)
\c@KVtest=\count190
\sf@farskip=\skip52
\sf@captopadj=\dimen153
\sf@capskip=\skip53
\sf@nearskip=\skip54
\c@subfigure=\count191
\c@subfigure@save=\count192
\c@lofdepth=\count193
\c@subtable=\count194
\c@subtable@save=\count195
\c@lotdepth=\count196
\sf@top=\skip55
\sf@bottom=\skip56
)
(/usr/share/texlive/texmf-dist/tex/latex/fancyhdr/fancyhdr.sty
Package: fancyhdr 2019/01/31 v3.10 Extensive control of page headers and footer
s
\f@nch@headwidth=\skip57
\f@nch@O@elh=\skip58
\f@nch@O@erh=\skip59
\f@nch@O@olh=\skip60
\f@nch@O@orh=\skip61
\f@nch@O@elf=\skip62
\f@nch@O@erf=\skip63
\f@nch@O@olf=\skip64
\f@nch@O@orf=\skip65
)

Package Fancyhdr Warning: \fancyhead's `E' option without twoside option is use
less on input line 12.

(/usr/share/texlive/texmf-dist/tex/latex/l3backend/l3backend-pdfmode.def
File: l3backend-pdfmode.def 2020-02-03 L3 backend support: PDF mode
\l__kernel_color_stack_int=\count197
\l__pdf_internal_box=\box49
)
(./mixtureReparam.aux)
\openout1 = `mixtureReparam.aux'.

LaTeX Font Info:    Checking defaults for OML/cmm/m/it on input line 16.
LaTeX Font Info:    ... okay on input line 16.
LaTeX Font Info:    Checking defaults for OMS/cmsy/m/n on input line 16.
LaTeX Font Info:    ... okay on input line 16.
LaTeX Font Info:    Checking defaults for OT1/cmr/m/n on input line 16.
LaTeX Font Info:    ... okay on input line 16.
LaTeX Font Info:    Checking defaults for T1/cmr/m/n on input line 16.
LaTeX Font Info:    ... okay on input line 16.
LaTeX Font Info:    Checking defaults for TS1/cmr/m/n on input line 16.
LaTeX Font Info:    ... okay on input line 16.
LaTeX Font Info:    Checking defaults for OMX/cmex/m/n on input line 16.
LaTeX Font Info:    ... okay on input line 16.
LaTeX Font Info:    Checking defaults for U/cmr/m/n on input line 16.
LaTeX Font Info:    ... okay on input line 16.

(/usr/share/texlive/texmf-dist/tex/context/base/mkii/supp-pdf.mkii
[Loading MPS to PDF converter (version 2006.09.02).]
\scratchcounter=\count198
\scratchdimen=\dimen154
\scratchbox=\box50
\nofMPsegments=\count199
\nofMParguments=\count266
\everyMPshowfont=\toks23
\MPscratchCnt=\count267
\MPscratchDim=\dimen155
\MPnumerator=\count268
\makeMPintoPDFobject=\count269
\everyMPtoPDFconversion=\toks24
) (/usr/share/texlive/texmf-dist/tex/latex/epstopdf-pkg/epstopdf-base.sty
Package: epstopdf-base 2020-01-24 v2.11 Base part for package epstopdf
Package epstopdf-base Info: Redefining graphics rule for `.eps' on input line 4
85.

(/usr/share/texlive/texmf-dist/tex/latex/latexconfig/epstopdf-sys.cfg
File: epstopdf-sys.cfg 2010/07/13 v1.3 Configuration of (r)epstopdf for TeX Liv
e
))
Package caption Info: Begin \AtBeginDocument code.
Package caption Info: subfig package v1.3 is loaded.
Package caption Info: End \AtBeginDocument code.
LaTeX Font Info:    Trying to load font information for U+msa on input line 18.


(/usr/share/texlive/texmf-dist/tex/latex/amsfonts/umsa.fd
File: umsa.fd 2013/01/14 v3.01 AMS symbols A
)
LaTeX Font Info:    Trying to load font information for U+msb on input line 18.


(/usr/share/texlive/texmf-dist/tex/latex/amsfonts/umsb.fd
File: umsb.fd 2013/01/14 v3.01 AMS symbols B
)
(./mixtureReparam.toc)
\tf@toc=\write3
\openout3 = `mixtureReparam.toc'.

 [1

{/var/lib/texmf/fonts/map/pdftex/updmap/pdftex.map}]
Underfull \hbox (badness 10000) in paragraph at lines 26--27

 []


Underfull \hbox (badness 10000) in paragraph at lines 28--29

 []


Underfull \hbox (badness 10000) in paragraph at lines 30--35

 []

<./figures/simplexParam.pdf, id=13, 1084.05pt x 1084.05pt>
File: ./figures/simplexParam.pdf Graphic file (type pdf)
<use ./figures/simplexParam.pdf>
Package pdftex.def Info: ./figures/simplexParam.pdf  used on input line 38.
(pdftex.def)             Requested size: 199.16928pt x 199.15665pt.

LaTeX Warning: `h' float specifier changed to `ht'.


Underfull \hbox (badness 10000) in paragraph at lines 44--45

 []

<../MTRI_logo.pdf, id=14, 340.27126pt x 67.25125pt>
File: ../MTRI_logo.pdf Graphic file (type pdf)
<use ../MTRI_logo.pdf>
Package pdftex.def Info: ../MTRI_logo.pdf  used on input line 52.
(pdftex.def)             Requested size: 102.08215pt x 20.17552pt.

Package Fancyhdr Warning: \headheight is too small (12.0pt): 
Make it at least 23.77556pt.
We now make it that large for the rest of the document.
This may cause the page layout to be inconsistent, however.

[2 <../MTRI_logo.pdf>]
Underfull \hbox (badness 10000) in paragraph at lines 62--63

 []

File: ../MTRI_logo.pdf Graphic file (type pdf)
<use ../MTRI_logo.pdf>
Package pdftex.def Info: ../MTRI_logo.pdf  used on input line 63.
(pdftex.def)             Requested size: 102.08215pt x 20.17552pt.
[3 <./figures/simplexParam.pdf>]
File: ../MTRI_logo.pdf Graphic file (type pdf)
<use ../MTRI_logo.pdf>
Package pdftex.def Info: ../MTRI_logo.pdf  used on input line 65.
(pdftex.def)             Requested size: 102.08215pt x 20.17552pt.
 [4]
Underfull \hbox (badness 10000) in paragraph at lines 68--69

 []


Underfull \hbox (badness 10000) in paragraph at lines 75--77

 []


Overfull \hbox (6.33473pt too wide) detected at line 105
 []$[]  \OMS/cmsy/m/n/10 r\OML/cmm/m/it/10 f\OT1/cmr/m/n/10 (\OML/cmm/m/it/10 
[]; [] ; []\OT1/cmr/m/n/10 ) = \OMS/cmsy/m/n/10 r\OML/cmm/m/it/10 f\OT1/cmr/m/
n/10 (\OML/cmm/m/it/10 x[]; [] ; x[]\OT1/cmr/m/n/10 ) \OMS/cmsy/m/n/10 ^^A [] ^
^C [] ^^B$ 
 []

File: ../MTRI_logo.pdf Graphic file (type pdf)
<use ../MTRI_logo.pdf>
Package pdftex.def Info: ../MTRI_logo.pdf  used on input line 108.
(pdftex.def)             Requested size: 102.08215pt x 20.17552pt.
[5]
<./figures/stuckSphericalMin.pdf, id=61, 429.605pt x 311.1625pt>
File: ./figures/stuckSphericalMin.pdf Graphic file (type pdf)
<use ./figures/stuckSphericalMin.pdf>
Package pdftex.def Info: ./figures/stuckSphericalMin.pdf  used on input line 12
2.
(pdftex.def)             Requested size: 171.83894pt x 124.46278pt.
<./figures/pinnedPade.pdf, id=62, 421.575pt x 316.18124pt>
File: ./figures/pinnedPade.pdf Graphic file (type pdf)
<use ./figures/pinnedPade.pdf>
Package pdftex.def Info: ./figures/pinnedPade.pdf  used on input line 134.
(pdftex.def)             Requested size: 168.627pt x 126.47025pt.
File: ../MTRI_logo.pdf Graphic file (type pdf)
<use ../MTRI_logo.pdf>
Package pdftex.def Info: ../MTRI_logo.pdf  used on input line 137.
(pdftex.def)             Requested size: 102.08215pt x 20.17552pt.
 [6 <./figures/stuckSphericalMin.pdf>]
Underfull \hbox (badness 10000) in paragraph at lines 140--141

 []

<./figures/sphericalParamCond.pdf, id=101, 421.575pt x 316.18124pt>
File: ./figures/sphericalParamCond.pdf Graphic file (type pdf)
<use ./figures/sphericalParamCond.pdf>
Package pdftex.def Info: ./figures/sphericalParamCond.pdf  used on input line 1
47.
(pdftex.def)             Requested size: 142.26378pt x 106.69933pt.
<./figures/reparametrizedConditioning.pdf, id=102, 429.605pt x 311.1625pt>
File: ./figures/reparametrizedConditioning.pdf Graphic file (type pdf)
<use ./figures/reparametrizedConditioning.pdf>
Package pdftex.def Info: ./figures/reparametrizedConditioning.pdf  used on inpu
t line 149.
(pdftex.def)             Requested size: 142.26378pt x 103.04004pt.
File: ../MTRI_logo.pdf Graphic file (type pdf)
<use ../MTRI_logo.pdf>
Package pdftex.def Info: ../MTRI_logo.pdf  used on input line 153.
(pdftex.def)             Requested size: 102.08215pt x 20.17552pt.
[7 <./figures/pinnedPade.pdf>]
File: ../MTRI_logo.pdf Graphic file (type pdf)
<use ../MTRI_logo.pdf>
Package pdftex.def Info: ../MTRI_logo.pdf  used on input line 157.
(pdftex.def)             Requested size: 102.08215pt x 20.17552pt.
 [8 <./figures/sphericalParamCond.pdf> <./figures/reparametrizedConditioning.pd
f>]
File: ../MTRI_logo.pdf Graphic file (type pdf)
<use ../MTRI_logo.pdf>
Package pdftex.def Info: ../MTRI_logo.pdf  used on input line 181.
(pdftex.def)             Requested size: 102.08215pt x 20.17552pt.
 [9] (./mixtureReparam.aux) ) 
Here is how much of TeX's memory you used:
 3784 strings out of 483183
 55422 string characters out of 5966292
 290524 words of memory out of 5000000
 18766 multiletter control sequences out of 15000+600000
 542122 words of font info for 61 fonts, out of 8000000 for 9000
 14 hyphenation exceptions out of 8191
 50i,17n,48p,824b,327s stack positions out of 5000i,500n,10000p,200000b,80000s
 </home/ndwilley/.texlive2019/texmf-var/fonts/pk/l
jfour/jknappen/ec/tcrm1000.600pk></usr/share/texlive/texmf-dist/fonts/type1/pub
lic/amsfonts/cm/cmbx10.pfb></usr/share/texlive/texmf-dist/fonts/type1/public/am
sfonts/cm/cmbx12.pfb></usr/share/texlive/texmf-dist/fonts/type1/public/amsfonts
/cm/cmbx7.pfb></usr/share/texlive/texmf-dist/fonts/type1/public/amsfonts/cm/cmb
x8.pfb></usr/share/texlive/texmf-dist/fonts/type1/public/amsfonts/cm/cmex10.pfb
></usr/share/texlive/texmf-dist/fonts/type1/public/amsfonts/cm/cmmi10.pfb></usr
/share/texlive/texmf-dist/fonts/type1/public/amsfonts/cm/cmmi12.pfb></usr/share
/texlive/texmf-dist/fonts/type1/public/amsfonts/cm/cmmi5.pfb></usr/share/texliv
e/texmf-dist/fonts/type1/public/amsfonts/cm/cmmi7.pfb></usr/share/texlive/texmf
-dist/fonts/type1/public/amsfonts/cm/cmr10.pfb></usr/share/texlive/texmf-dist/f
onts/type1/public/amsfonts/cm/cmr12.pfb></usr/share/texlive/texmf-dist/fonts/ty
pe1/public/amsfonts/cm/cmr17.pfb></usr/share/texlive/texmf-dist/fonts/type1/pub
lic/amsfonts/cm/cmr5.pfb></usr/share/texlive/texmf-dist/fonts/type1/public/amsf
onts/cm/cmr7.pfb></usr/share/texlive/texmf-dist/fonts/type1/public/amsfonts/cm/
cmsy10.pfb></usr/share/texlive/texmf-dist/fonts/type1/public/amsfonts/cm/cmsy5.
pfb></usr/share/texlive/texmf-dist/fonts/type1/public/amsfonts/cm/cmsy7.pfb></u
sr/share/texlive/texmf-dist/fonts/type1/public/amsfonts/cm/cmti10.pfb></usr/sha
re/texlive/texmf-dist/fonts/type1/public/amsfonts/symbols/msbm10.pfb>
Output written on mixtureReparam.pdf (9 pages, 434158 bytes).
PDF statistics:
 187 PDF objects out of 1000 (max. 8388607)
 134 compressed objects within 2 object streams
 0 named destinations out of 1000 (max. 500000)
 31 words of extra memory for PDF output out of 10000 (max. 10000000)

